c:\users\cody\desktop\dh2_rd\dh2\dh2\x64\debug\vc140.pdb
c:\users\cody\desktop\dh2_rd\dh2\dh2\x64\debug\vc140.idb
c:\users\cody\desktop\dh2_rd\dh2\dh2\x64\debug\assetmanagers.obj
c:\users\cody\desktop\dh2_rd\dh2\dh2\x64\debug\audiomanager.obj
c:\users\cody\desktop\dh2_rd\dh2\dh2\x64\debug\engine.obj
c:\users\cody\desktop\dh2_rd\dh2\dh2\x64\debug\gameobjects.obj
c:\users\cody\desktop\dh2_rd\dh2\dh2\x64\debug\main.obj
c:\users\cody\desktop\dh2_rd\dh2\dh2\x64\debug\icharacter.obj
c:\users\cody\desktop\dh2_rd\dh2\dh2\x64\debug\stat.obj
c:\users\uchihakite\desktop\dh2_rd\dh2\x64\debug\dh2.ilk
c:\users\uchihakite\desktop\dh2_rd\dh2\x64\debug\dh2.exe
c:\users\uchihakite\desktop\dh2_rd\dh2\x64\debug\dh2.pdb
c:\users\cody\desktop\dh2_rd\dh2\x64\debug\dh2.ilk
c:\users\cody\desktop\dh2_rd\dh2\x64\debug\dh2.exe
c:\users\cody\desktop\dh2_rd\dh2\x64\debug\dh2.pdb
c:\users\uchihakite\desktop\dh2_rd\dh2\dh2\x64\debug\assetmanagers.obj
c:\users\uchihakite\desktop\dh2_rd\dh2\dh2\x64\debug\audiomanager.obj
c:\users\uchihakite\desktop\dh2_rd\dh2\dh2\x64\debug\engine.obj
c:\users\uchihakite\desktop\dh2_rd\dh2\dh2\x64\debug\gameobjects.obj
c:\users\uchihakite\desktop\dh2_rd\dh2\dh2\x64\debug\icharacter.obj
c:\users\uchihakite\desktop\dh2_rd\dh2\dh2\x64\debug\main.obj
c:\users\uchihakite\desktop\dh2_rd\dh2\dh2\x64\debug\stat.obj
c:\users\uchihakite\desktop\dh2_rd\dh2\dh2\x64\debug\vc140.idb
c:\users\uchihakite\desktop\dh2_rd\dh2\dh2\x64\debug\vc140.pdb
c:\users\uchihakite\desktop\dh2_rd\dh2\dh2\x64\debug\dh2.tlog\cl.command.1.tlog
c:\users\uchihakite\desktop\dh2_rd\dh2\dh2\x64\debug\dh2.tlog\cl.read.1.tlog
c:\users\uchihakite\desktop\dh2_rd\dh2\dh2\x64\debug\dh2.tlog\cl.write.1.tlog
c:\users\uchihakite\desktop\dh2_rd\dh2\dh2\x64\debug\dh2.tlog\link.command.1.tlog
c:\users\uchihakite\desktop\dh2_rd\dh2\dh2\x64\debug\dh2.tlog\link.read.1.tlog
c:\users\uchihakite\desktop\dh2_rd\dh2\dh2\x64\debug\dh2.tlog\link.write.1.tlog
